#
# There is insufficient memory for the Java Runtime Environment to continue.
# Native memory allocation (malloc) failed to allocate 1100864 bytes for Chunk::new
# Possible reasons:
#   The system is out of physical RAM or swap space
#   The process is running with CompressedOops enabled, and the Java Heap may be blocking the growth of the native heap
# Possible solutions:
#   Reduce memory load on the system
#   Increase physical memory or swap space
#   Check if swap backing store is full
#   Decrease Java heap size (-Xmx/-Xms)
#   Decrease number of Java threads
#   Decrease Java thread stack sizes (-Xss)
#   Set larger code cache with -XX:ReservedCodeCacheSize=
#   JVM is running with Unscaled Compressed Oops mode in which the Java heap is
#     placed in the first 4GB address space. The Java Heap base address is the
#     maximum limit for the native heap growth. Please use -XX:HeapBaseMinAddress
#     to set the Java Heap base and to place the Java Heap above 4GB virtual address.
# This output file may be truncated or incomplete.
#
#  Out of Memory Error (allocation.cpp:389), pid=21784, tid=0x0000000000005318
#
# JRE version: OpenJDK Runtime Environment (8.0_242-b01) (build 1.8.0_242-release-1644-b01)
# Java VM: OpenJDK 64-Bit Server VM (25.242-b01 mixed mode windows-amd64 compressed oops)
# Failed to write core dump. Minidumps are not enabled by default on client versions of Windows
#

---------------  T H R E A D  ---------------

Current thread (0x0000000019914000):  JavaThread "C2 CompilerThread1" daemon [_thread_in_native, id=21272, stack(0x000000001a2e0000,0x000000001a3e0000)]

Stack: [0x000000001a2e0000,0x000000001a3e0000]
[error occurred during error reporting (printing stack bounds), id 0xc0000005]

Native frames: (J=compiled Java code, j=interpreted, Vv=VM code, C=native code)


Current CompileTask:
C2:  43904 5103       4       sun.reflect.generics.parser.SignatureParser::parsePackageNameAndSimpleClassTypeSignature (139 bytes)


---------------  P R O C E S S  ---------------

Java Threads: ( => current thread )
  0x000000001e737800 JavaThread "Cache worker for file content cache (E:\Todo and Note\.gradle\6.1.1\fileContent)" [_thread_blocked, id=6772, stack(0x0000000024b10000,0x0000000024c10000)]
  0x000000001e737000 JavaThread "Cache worker for file content cache (C:\Users\Jeevan.DESKTOP-JPTEO2O.000\.gradle\caches\6.1.1\fileContent)" [_thread_blocked, id=5640, stack(0x0000000024a10000,0x0000000024b10000)]
  0x000000001e736000 JavaThread "Memory manager" [_thread_blocked, id=19088, stack(0x0000000024910000,0x0000000024a10000)]
  0x000000001e734000 JavaThread "Cache worker for Build Output Cleanup Cache (E:\Todo and Note\.gradle\buildOutputCleanup)" [_thread_blocked, id=5512, stack(0x0000000022e40000,0x0000000022f40000)]
  0x000000001e734800 JavaThread "Build operations Thread 8" [_thread_blocked, id=15920, stack(0x0000000022740000,0x0000000022840000)]
  0x000000001e729000 JavaThread "Build operations Thread 7" [_thread_blocked, id=11320, stack(0x0000000022640000,0x0000000022740000)]
  0x000000001e72a000 JavaThread "Build operations Thread 6" [_thread_blocked, id=1312, stack(0x0000000022540000,0x0000000022640000)]
  0x000000001e72b800 JavaThread "Build operations Thread 5" [_thread_blocked, id=20512, stack(0x0000000022440000,0x0000000022540000)]
  0x000000001e72f800 JavaThread "Build operations Thread 4" [_thread_blocked, id=21856, stack(0x0000000022340000,0x0000000022440000)]
  0x000000001e72d000 JavaThread "Build operations Thread 3" [_thread_blocked, id=17832, stack(0x0000000022240000,0x0000000022340000)]
  0x000000001e72e000 JavaThread "Build operations Thread 2" [_thread_blocked, id=21544, stack(0x0000000022140000,0x0000000022240000)]
  0x000000001e72e800 JavaThread "Build operations" [_thread_blocked, id=2676, stack(0x0000000020770000,0x0000000020870000)]
  0x0000000019929000 JavaThread "Cache worker for execution history cache (C:\Users\Jeevan.DESKTOP-JPTEO2O.000\.gradle\caches\6.1.1\executionHistory)" [_thread_blocked, id=19952, stack(0x0000000020270000,0x0000000020370000)]
  0x0000000019922000 JavaThread "Cache worker for cache directory md-rule (C:\Users\Jeevan.DESKTOP-JPTEO2O.000\.gradle\caches\6.1.1\md-rule)" [_thread_blocked, id=12256, stack(0x0000000020170000,0x0000000020270000)]
  0x0000000019928000 JavaThread "Cache worker for cache directory md-supplier (C:\Users\Jeevan.DESKTOP-JPTEO2O.000\.gradle\caches\6.1.1\md-supplier)" [_thread_blocked, id=19560, stack(0x0000000020070000,0x0000000020170000)]
  0x0000000019927800 JavaThread "Cache worker for file hash cache (E:\Todo and Note\.gradle\6.1.1\fileHashes)" [_thread_blocked, id=14688, stack(0x000000001fb70000,0x000000001fc70000)]
  0x0000000019925000 JavaThread "Cache worker for checksums cache (E:\Todo and Note\.gradle\checksums)" [_thread_blocked, id=2732, stack(0x000000001f8d0000,0x000000001f9d0000)]
  0x0000000019926000 JavaThread "Cache worker for file hash cache (C:\Users\Jeevan.DESKTOP-JPTEO2O.000\.gradle\caches\6.1.1\fileHashes)" [_thread_blocked, id=14792, stack(0x000000001fa70000,0x000000001fb70000)]
  0x0000000019923800 JavaThread "File lock request listener" [_thread_in_native, id=19588, stack(0x000000001e600000,0x000000001e700000)]
  0x000000001b107800 JavaThread "Cache worker for journal cache (C:\Users\Jeevan.DESKTOP-JPTEO2O.000\.gradle\caches\journal-1)" [_thread_blocked, id=21024, stack(0x000000001e500000,0x000000001e600000)]
  0x000000001a85a000 JavaThread "Thread-9" [_thread_blocked, id=18596, stack(0x000000001e200000,0x000000001e300000)]
  0x0000000019cd2000 JavaThread "Stdin handler" [_thread_blocked, id=5240, stack(0x000000001e100000,0x000000001e200000)]
  0x0000000019c77800 JavaThread "Asynchronous log dispatcher for DefaultDaemonConnection: socket connection from /127.0.0.1:55773 to /127.0.0.1:55774" [_thread_blocked, id=7536, stack(0x000000001df00000,0x000000001e000000)]
  0x000000001add5000 JavaThread "Daemon worker" [_thread_in_native, id=3132, stack(0x000000001de00000,0x000000001df00000)]
  0x000000001aed6800 JavaThread "Cancel handler" [_thread_blocked, id=18424, stack(0x000000001dd00000,0x000000001de00000)]
  0x0000000019c93800 JavaThread "Handler for socket connection from /127.0.0.1:55773 to /127.0.0.1:55774" [_thread_in_native, id=22260, stack(0x000000001da00000,0x000000001db00000)]
  0x0000000019c8b800 JavaThread "Daemon" [_thread_blocked, id=4396, stack(0x000000001d900000,0x000000001da00000)]
  0x000000001b676800 JavaThread "Daemon periodic checks" [_thread_blocked, id=21224, stack(0x000000001d800000,0x000000001d900000)]
  0x000000001aceb000 JavaThread "Incoming local TCP Connector on port 55773" [_thread_in_native, id=11448, stack(0x000000001d5c0000,0x000000001d6c0000)]
  0x000000001a81c000 JavaThread "Daemon health stats" [_thread_blocked, id=1764, stack(0x000000001cf80000,0x000000001d080000)]
  0x00000000199a8800 JavaThread "Service Thread" daemon [_thread_blocked, id=15236, stack(0x000000001a5e0000,0x000000001a6e0000)]
  0x0000000019924800 JavaThread "C1 CompilerThread3" daemon [_thread_blocked, id=20000, stack(0x000000001a4e0000,0x000000001a5e0000)]
  0x000000001991e800 JavaThread "C2 CompilerThread2" daemon [_thread_blocked, id=21936, stack(0x000000001a3e0000,0x000000001a4e0000)]
=>0x0000000019914000 JavaThread "C2 CompilerThread1" daemon [_thread_in_native, id=21272, stack(0x000000001a2e0000,0x000000001a3e0000)]
  0x0000000019910800 JavaThread "C2 CompilerThread0" daemon [_thread_blocked, id=12380, stack(0x000000001a1e0000,0x000000001a2e0000)]
  0x000000001990f000 JavaThread "Attach Listener" daemon [_thread_blocked, id=21948, stack(0x000000001a0e0000,0x000000001a1e0000)]
  0x000000001990e000 JavaThread "Signal Dispatcher" daemon [_thread_blocked, id=14796, stack(0x0000000019fe0000,0x000000001a0e0000)]
  0x0000000002978000 JavaThread "Finalizer" daemon [_thread_blocked, id=21476, stack(0x0000000019de0000,0x0000000019ee0000)]
  0x0000000019900800 JavaThread "Reference Handler" daemon [_thread_blocked, id=15456, stack(0x0000000019ce0000,0x0000000019de0000)]
  0x0000000002882800 JavaThread "main" [_thread_blocked, id=804, stack(0x00000000026e0000,0x00000000027e0000)]

Other Threads:
  0x0000000017ae9000 VMThread [stack: 0x00000000197e0000,0x00000000198e0000] [id=22312]
  0x0000000019966800 WatcherThread [stack: 0x000000001a6e0000,0x000000001a7e0000] [id=17344]

VM state:not at safepoint (normal execution)

VM Mutex/Monitor currently owned by a thread: None

heap address: 0x0000000080000000, size: 2048 MB, Compressed Oops mode: 32-bit
Narrow klass base: 0x0000000000000000, Narrow klass shift: 3
Compressed class space size: 1073741824 Address: 0x0000000100000000

Heap:
 PSYoungGen      total 198656K, used 160579K [0x00000000d5580000, 0x00000000e2a00000, 0x0000000100000000)
  eden space 185856K, 79% used [0x00000000d5580000,0x00000000de5d1d98,0x00000000e0b00000)
  from space 12800K, 99% used [0x00000000e1c80000,0x00000000e28ff058,0x00000000e2900000)
  to   space 15872K, 0% used [0x00000000e0b00000,0x00000000e0b00000,0x00000000e1a80000)
 ParOldGen       total 61952K, used 18888K [0x0000000080000000, 0x0000000083c80000, 0x00000000d5580000)
  object space 61952K, 30% used [0x0000000080000000,0x00000000812721f8,0x0000000083c80000)
 Metaspace       used 56870K, capacity 58822K, committed 59056K, reserved 1099776K
  class space    used 7800K, capacity 8250K, committed 8368K, reserved 1048576K

Card table byte_map: [0x0000000011e40000,0x0000000012250000] byte_map_base: 0x0000000011a40000

Marking Bits: (ParMarkBitMap*) 0x000000005a5df030
 Begin Bits: [0x0000000012d00000, 0x0000000014d00000)
 End Bits:   [0x0000000014d00000, 0x0000000016d00000)

Polling page: 0x0000000000ee0000

CodeCache: size=245760Kb used=16988Kb max_used=16988Kb free=228771Kb
 bounds [0x0000000002a80000, 0x0000000003b30000, 0x0000000011a80000]
 total_blobs=5667 nmethods=4889 adapters=691
 compilation: enabled

Compilation events (10 events):
Event: 43.813 Thread 0x0000000019924800 5171       1       javax.xml.namespace.QName::getLocalPart (5 bytes)
Event: 43.813 Thread 0x0000000019924800 nmethod 5171 0x0000000003b191d0 code [0x0000000003b19320, 0x0000000003b19430]
Event: 43.813 Thread 0x0000000019924800 5172       3       com.sun.xml.bind.v2.util.QNameMap::indexFor (6 bytes)
Event: 43.813 Thread 0x0000000019924800 nmethod 5172 0x0000000003b18ed0 code [0x0000000003b19020, 0x0000000003b19150]
Event: 43.813 Thread 0x0000000019924800 5173       1       com.sun.xml.bind.v2.model.impl.TypeRefImpl::getTagName (5 bytes)
Event: 43.813 Thread 0x0000000019924800 nmethod 5173 0x0000000003b18c10 code [0x0000000003b18d60, 0x0000000003b18e70]
Event: 43.813 Thread 0x0000000019924800 5174       3       com.sun.xml.bind.v2.util.QNameMap::hash (36 bytes)
Event: 43.814 Thread 0x0000000019924800 nmethod 5174 0x0000000003b187d0 code [0x0000000003b18940, 0x0000000003b18b48]
Event: 43.814 Thread 0x0000000019924800 5175       3       java.util.Collections$UnmodifiableCollection::size (10 bytes)
Event: 43.814 Thread 0x0000000019924800 nmethod 5175 0x0000000003b18390 code [0x0000000003b18500, 0x0000000003b18728]

GC Heap History (10 events):
Event: 30.542 GC heap before
{Heap before GC invocations=8 (full 1):
 PSYoungGen      total 77824K, used 65013K [0x00000000d5580000, 0x00000000deb80000, 0x0000000100000000)
  eden space 65024K, 99% used [0x00000000d5580000,0x00000000d94fd478,0x00000000d9500000)
  from space 12800K, 0% used [0x00000000da100000,0x00000000da100000,0x00000000dad80000)
  to   space 12288K, 0% used [0x00000000d9500000,0x00000000d9500000,0x00000000da100000)
 ParOldGen       total 49152K, used 7238K [0x0000000080000000, 0x0000000083000000, 0x00000000d5580000)
  object space 49152K, 14% used [0x0000000080000000,0x0000000080711b78,0x0000000083000000)
 Metaspace       used 28245K, capacity 28976K, committed 29232K, reserved 1075200K
  class space    used 3895K, capacity 4127K, committed 4144K, reserved 1048576K
Event: 30.547 GC heap after
Heap after GC invocations=8 (full 1):
 PSYoungGen      total 77312K, used 8708K [0x00000000d5580000, 0x00000000de800000, 0x0000000100000000)
  eden space 65024K, 0% used [0x00000000d5580000,0x00000000d5580000,0x00000000d9500000)
  from space 12288K, 70% used [0x00000000d9500000,0x00000000d9d81198,0x00000000da100000)
  to   space 12288K, 0% used [0x00000000ddc00000,0x00000000ddc00000,0x00000000de800000)
 ParOldGen       total 49152K, used 7246K [0x0000000080000000, 0x0000000083000000, 0x00000000d5580000)
  object space 49152K, 14% used [0x0000000080000000,0x0000000080713b78,0x0000000083000000)
 Metaspace       used 28245K, capacity 28976K, committed 29232K, reserved 1075200K
  class space    used 3895K, capacity 4127K, committed 4144K, reserved 1048576K
}
Event: 31.238 GC heap before
{Heap before GC invocations=9 (full 1):
 PSYoungGen      total 77312K, used 73732K [0x00000000d5580000, 0x00000000de800000, 0x0000000100000000)
  eden space 65024K, 100% used [0x00000000d5580000,0x00000000d9500000,0x00000000d9500000)
  from space 12288K, 70% used [0x00000000d9500000,0x00000000d9d81198,0x00000000da100000)
  to   space 12288K, 0% used [0x00000000ddc00000,0x00000000ddc00000,0x00000000de800000)
 ParOldGen       total 49152K, used 7246K [0x0000000080000000, 0x0000000083000000, 0x00000000d5580000)
  object space 49152K, 14% used [0x0000000080000000,0x0000000080713b78,0x0000000083000000)
 Metaspace       used 32342K, capacity 33116K, committed 33456K, reserved 1077248K
  class space    used 4415K, capacity 4673K, committed 4784K, reserved 1048576K
Event: 31.247 GC heap after
Heap after GC invocations=9 (full 1):
 PSYoungGen      total 136704K, used 8658K [0x00000000d5580000, 0x00000000de800000, 0x0000000100000000)
  eden space 124416K, 0% used [0x00000000d5580000,0x00000000d5580000,0x00000000dcf00000)
  from space 12288K, 70% used [0x00000000ddc00000,0x00000000de474ab0,0x00000000de800000)
  to   space 12800K, 0% used [0x00000000dcf00000,0x00000000dcf00000,0x00000000ddb80000)
 ParOldGen       total 49152K, used 7254K [0x0000000080000000, 0x0000000083000000, 0x00000000d5580000)
  object space 49152K, 14% used [0x0000000080000000,0x0000000080715b78,0x0000000083000000)
 Metaspace       used 32342K, capacity 33116K, committed 33456K, reserved 1077248K
  class space    used 4415K, capacity 4673K, committed 4784K, reserved 1048576K
}
Event: 32.234 GC heap before
{Heap before GC invocations=10 (full 1):
 PSYoungGen      total 136704K, used 55234K [0x00000000d5580000, 0x00000000de800000, 0x0000000100000000)
  eden space 124416K, 37% used [0x00000000d5580000,0x00000000d82fbdd8,0x00000000dcf00000)
  from space 12288K, 70% used [0x00000000ddc00000,0x00000000de474ab0,0x00000000de800000)
  to   space 12800K, 0% used [0x00000000dcf00000,0x00000000dcf00000,0x00000000ddb80000)
 ParOldGen       total 49152K, used 7254K [0x0000000080000000, 0x0000000083000000, 0x00000000d5580000)
  object space 49152K, 14% used [0x0000000080000000,0x0000000080715b78,0x0000000083000000)
 Metaspace       used 34568K, capacity 35426K, committed 35496K, reserved 1079296K
  class space    used 4744K, capacity 5002K, committed 5040K, reserved 1048576K
Event: 32.241 GC heap after
Heap after GC invocations=10 (full 1):
 PSYoungGen      total 137216K, used 8738K [0x00000000d5580000, 0x00000000e2900000, 0x0000000100000000)
  eden space 124416K, 0% used [0x00000000d5580000,0x00000000d5580000,0x00000000dcf00000)
  from space 12800K, 68% used [0x00000000dcf00000,0x00000000dd788b88,0x00000000ddb80000)
  to   space 12800K, 0% used [0x00000000e1c80000,0x00000000e1c80000,0x00000000e2900000)
 ParOldGen       total 49152K, used 7262K [0x0000000080000000, 0x0000000083000000, 0x00000000d5580000)
  object space 49152K, 14% used [0x0000000080000000,0x0000000080717b78,0x0000000083000000)
 Metaspace       used 34568K, capacity 35426K, committed 35496K, reserved 1079296K
  class space    used 4744K, capacity 5002K, committed 5040K, reserved 1048576K
}
Event: 32.241 GC heap before
{Heap before GC invocations=11 (full 2):
 PSYoungGen      total 137216K, used 8738K [0x00000000d5580000, 0x00000000e2900000, 0x0000000100000000)
  eden space 124416K, 0% used [0x00000000d5580000,0x00000000d5580000,0x00000000dcf00000)
  from space 12800K, 68% used [0x00000000dcf00000,0x00000000dd788b88,0x00000000ddb80000)
  to   space 12800K, 0% used [0x00000000e1c80000,0x00000000e1c80000,0x00000000e2900000)
 ParOldGen       total 49152K, used 7262K [0x0000000080000000, 0x0000000083000000, 0x00000000d5580000)
  object space 49152K, 14% used [0x0000000080000000,0x0000000080717b78,0x0000000083000000)
 Metaspace       used 34568K, capacity 35426K, committed 35496K, reserved 1079296K
  class space    used 4744K, capacity 5002K, committed 5040K, reserved 1048576K
Event: 32.298 GC heap after
Heap after GC invocations=11 (full 2):
 PSYoungGen      total 137216K, used 0K [0x00000000d5580000, 0x00000000e2900000, 0x0000000100000000)
  eden space 124416K, 0% used [0x00000000d5580000,0x00000000d5580000,0x00000000dcf00000)
  from space 12800K, 0% used [0x00000000dcf00000,0x00000000dcf00000,0x00000000ddb80000)
  to   space 12800K, 0% used [0x00000000e1c80000,0x00000000e1c80000,0x00000000e2900000)
 ParOldGen       total 61952K, used 15349K [0x0000000080000000, 0x0000000083c80000, 0x00000000d5580000)
  object space 61952K, 24% used [0x0000000080000000,0x0000000080efd458,0x0000000083c80000)
 Metaspace       used 34568K, capacity 35426K, committed 35496K, reserved 1079296K
  class space    used 4744K, capacity 5002K, committed 5040K, reserved 1048576K
}
Event: 38.939 GC heap before
{Heap before GC invocations=12 (full 2):
 PSYoungGen      total 137216K, used 124416K [0x00000000d5580000, 0x00000000e2900000, 0x0000000100000000)
  eden space 124416K, 100% used [0x00000000d5580000,0x00000000dcf00000,0x00000000dcf00000)
  from space 12800K, 0% used [0x00000000dcf00000,0x00000000dcf00000,0x00000000ddb80000)
  to   space 12800K, 0% used [0x00000000e1c80000,0x00000000e1c80000,0x00000000e2900000)
 ParOldGen       total 61952K, used 15349K [0x0000000080000000, 0x0000000083c80000, 0x00000000d5580000)
  object space 61952K, 24% used [0x0000000080000000,0x0000000080efd458,0x0000000083c80000)
 Metaspace       used 44749K, capacity 46206K, committed 46384K, reserved 1089536K
  class space    used 6059K, capacity 6427K, committed 6448K, reserved 1048576K
Event: 38.955 GC heap after
Heap after GC invocations=12 (full 2):
 PSYoungGen      total 198656K, used 12796K [0x00000000d5580000, 0x00000000e2a00000, 0x0000000100000000)
  eden space 185856K, 0% used [0x00000000d5580000,0x00000000d5580000,0x00000000e0b00000)
  from space 12800K, 99% used [0x00000000e1c80000,0x00000000e28ff058,0x00000000e2900000)
  to   space 15872K, 0% used [0x00000000e0b00000,0x00000000e0b00000,0x00000000e1a80000)
 ParOldGen       total 61952K, used 18888K [0x0000000080000000, 0x0000000083c80000, 0x00000000d5580000)
  object space 61952K, 30% used [0x0000000080000000,0x00000000812721f8,0x0000000083c80000)
 Metaspace       used 44749K, capacity 46206K, committed 46384K, reserved 1089536K
  class space    used 6059K, capacity 6427K, committed 6448K, reserved 1048576K
}

Deoptimization events (10 events):
Event: 42.800 Thread 0x000000001add5000 Uncommon trap: reason=unstable_if action=reinterpret pc=0x000000000347cfb8 method=com.esotericsoftware.kryo.io.Input.require(I)I @ 65
Event: 42.928 Thread 0x000000001add5000 Uncommon trap: reason=unstable_if action=reinterpret pc=0x0000000002dbf48c method=java.util.HashMap.resize()[Ljava/util/HashMap$Node; @ 206
Event: 42.928 Thread 0x000000001add5000 Uncommon trap: reason=unstable_if action=reinterpret pc=0x00000000037560d4 method=java.util.HashMap.putVal(ILjava/lang/Object;Ljava/lang/Object;ZZ)Ljava/lang/Object; @ 109
Event: 42.928 Thread 0x000000001add5000 Uncommon trap: reason=unstable_if action=reinterpret pc=0x00000000033a985c method=java.util.HashMap.putVal(ILjava/lang/Object;Ljava/lang/Object;ZZ)Ljava/lang/Object; @ 109
Event: 42.955 Thread 0x000000001add5000 Uncommon trap: reason=unstable_if action=reinterpret pc=0x0000000003487b9c method=java.io.WinNTFileSystem.normalize(Ljava/lang/String;)Ljava/lang/String; @ 74
Event: 43.101 Thread 0x000000001add5000 Uncommon trap: reason=bimorphic action=maybe_recompile pc=0x000000000381bbc4 method=java.util.regex.Pattern$5.isSatisfiedBy(I)Z @ 16
Event: 43.101 Thread 0x000000001add5000 Uncommon trap: reason=bimorphic action=maybe_recompile pc=0x000000000381bbc4 method=java.util.regex.Pattern$5.isSatisfiedBy(I)Z @ 16
Event: 43.101 Thread 0x000000001add5000 Uncommon trap: reason=bimorphic action=maybe_recompile pc=0x000000000381bbc4 method=java.util.regex.Pattern$5.isSatisfiedBy(I)Z @ 16
Event: 43.101 Thread 0x000000001add5000 Uncommon trap: reason=bimorphic action=maybe_recompile pc=0x000000000381bbc4 method=java.util.regex.Pattern$5.isSatisfiedBy(I)Z @ 16
Event: 43.594 Thread 0x000000001add5000 Uncommon trap: reason=predicate action=maybe_recompile pc=0x0000000003af81fc method=java.util.AbstractCollection.toArray([Ljava/lang/Object;)[Ljava/lang/Object; @ 49

Classes redefined (0 events):
No events

Internal exceptions (10 events):
Event: 40.896 Thread 0x000000001add5000 Exception <a 'java/lang/ClassNotFoundException': org/gradle/api/plugins/internal/DefaultBasePluginConventionCustomizer> (0x00000000d9d912c0) thrown at [C:\src\AOSP-openjdk-git\hotspot\src\share\vm\classfile\systemDictionary.cpp, line 210]
Event: 40.903 Thread 0x000000001add5000 Exception <a 'java/lang/NoSuchMethodError': java.lang.Object.lambda$comparingInt$7b0bb60$1(Ljava/util/function/ToIntFunction;Ljava/lang/Object;Ljava/lang/Object;)I> (0x00000000d9e02a28) thrown at [C:\src\AOSP-openjdk-git\hotspot\src\share\vm\interpreter\l
Event: 42.598 Thread 0x000000001add5000 Exception <a 'java/lang/ClassNotFoundException': com/android/build/gradle/internal/api/ApkVariantOutputImpl_DecoratedBeanInfo> (0x00000000db515f88) thrown at [C:\src\AOSP-openjdk-git\hotspot\src\share\vm\classfile\systemDictionary.cpp, line 210]
Event: 42.598 Thread 0x000000001add5000 Exception <a 'java/lang/ClassNotFoundException': com/android/build/gradle/internal/api/ApkVariantOutputImplBeanInfo> (0x00000000db532fd8) thrown at [C:\src\AOSP-openjdk-git\hotspot\src\share\vm\classfile\systemDictionary.cpp, line 210]
Event: 42.599 Thread 0x000000001add5000 Exception <a 'java/lang/ClassNotFoundException': com/android/build/gradle/internal/api/BaseVariantOutputImplBeanInfo> (0x00000000db551400) thrown at [C:\src\AOSP-openjdk-git\hotspot\src\share\vm\classfile\systemDictionary.cpp, line 210]
Event: 42.599 Thread 0x000000001add5000 Exception <a 'java/lang/ClassNotFoundException': com/android/build/gradle/internal/api/BaseVariantOutputImplCustomizer> (0x00000000db56fd80) thrown at [C:\src\AOSP-openjdk-git\hotspot\src\share\vm\classfile\systemDictionary.cpp, line 210]
Event: 42.600 Thread 0x000000001add5000 Exception <a 'java/lang/ClassNotFoundException': com/android/build/gradle/internal/api/ApkVariantOutputImplCustomizer> (0x00000000db5a8350) thrown at [C:\src\AOSP-openjdk-git\hotspot\src\share\vm\classfile\systemDictionary.cpp, line 210]
Event: 42.600 Thread 0x000000001add5000 Exception <a 'java/lang/ClassNotFoundException': com/android/build/gradle/internal/api/ApkVariantOutputImpl_DecoratedCustomizer> (0x00000000db5dbec0) thrown at [C:\src\AOSP-openjdk-git\hotspot\src\share\vm\classfile\systemDictionary.cpp, line 210]
Event: 43.242 Thread 0x000000001add5000 Exception <a 'java/lang/ClassNotFoundException': com/sun/org/glassfish/hk2/osgiresourcelocator/ServiceLoader> (0x00000000dce21f68) thrown at [C:\src\AOSP-openjdk-git\hotspot\src\share\vm\classfile\systemDictionary.cpp, line 210]
Event: 43.360 Thread 0x000000001add5000 Exception <a 'java/lang/NullPointerException'> (0x00000000dd27a8b0) thrown at [C:\src\AOSP-openjdk-git\hotspot\src\share\vm\interpreter\linkResolver.cpp, line 1287]

Events (10 events):
Event: 43.849 loading class com/sun/xml/bind/v2/runtime/unmarshaller/UnmarshallingContext$State done
Event: 43.851 loading class com/android/repository/api/ProgressIndicator
Event: 43.851 loading class com/android/repository/api/ProgressIndicator done
Event: 43.852 loading class com/android/repository/api/ProgressIndicator
Event: 43.852 loading class com/android/repository/api/ProgressIndicator done
Event: 43.852 loading class javax/xml/transform/sax/SAXSource
Event: 43.853 loading class javax/xml/transform/sax/SAXSource done
Event: 43.853 loading class com/android/repository/impl/meta/SchemaModuleUtil$NamespaceFallbackFilter
Event: 43.853 loading class com/android/repository/impl/meta/SchemaModuleUtil$NamespaceFallbackFilter done
Event: 43.853 loading class org/xml/sax/helpers/XMLFilterImpl


Dynamic libraries:
0x00007ff7b4ae0000 - 0x00007ff7b4b11000 	E:\Android\jre\bin\java.exe
0x00007fff530a0000 - 0x00007fff53290000 	C:\WINDOWS\SYSTEM32\ntdll.dll
0x00007fff51500000 - 0x00007fff515b2000 	C:\WINDOWS\System32\KERNEL32.DLL
0x00007fff50970000 - 0x00007fff50c15000 	C:\WINDOWS\System32\KERNELBASE.dll
0x00007fff52fb0000 - 0x00007fff53053000 	C:\WINDOWS\System32\ADVAPI32.dll
0x00007fff52bb0000 - 0x00007fff52c4e000 	C:\WINDOWS\System32\msvcrt.dll
0x00007fff51d20000 - 0x00007fff51db7000 	C:\WINDOWS\System32\sechost.dll
0x00007fff528b0000 - 0x00007fff529d0000 	C:\WINDOWS\System32\RPCRT4.dll
0x00007fff51dc0000 - 0x00007fff51f55000 	C:\WINDOWS\System32\USER32.dll
0x00007fff507e0000 - 0x00007fff50801000 	C:\WINDOWS\System32\win32u.dll
0x00007fff526e0000 - 0x00007fff52706000 	C:\WINDOWS\System32\GDI32.dll
0x00007fff50c90000 - 0x00007fff50e26000 	C:\WINDOWS\System32\gdi32full.dll
0x00007fff510b0000 - 0x00007fff5114e000 	C:\WINDOWS\System32\msvcp_win.dll
0x00007fff50870000 - 0x00007fff5096a000 	C:\WINDOWS\System32\ucrtbase.dll
0x00007fff3da40000 - 0x00007fff3dcc4000 	C:\WINDOWS\WinSxS\amd64_microsoft.windows.common-controls_6595b64144ccf1df_6.0.18362.1082_none_9e8193e1e45b25c1\COMCTL32.dll
0x00007fff511c0000 - 0x00007fff514f5000 	C:\WINDOWS\System32\combase.dll
0x00007fff51030000 - 0x00007fff510b0000 	C:\WINDOWS\System32\bcryptPrimitives.dll
0x00007fff529d0000 - 0x00007fff529fe000 	C:\WINDOWS\System32\IMM32.DLL
0x0000000059c90000 - 0x0000000059d62000 	E:\Android\jre\jre\bin\msvcr100.dll
0x0000000059e10000 - 0x000000005a65b000 	E:\Android\jre\jre\bin\server\jvm.dll
0x00007fff52a00000 - 0x00007fff52a08000 	C:\WINDOWS\System32\PSAPI.DLL
0x00007fff4c230000 - 0x00007fff4c254000 	C:\WINDOWS\SYSTEM32\WINMM.dll
0x00007fff4ea30000 - 0x00007fff4ea3a000 	C:\WINDOWS\SYSTEM32\VERSION.dll
0x00007fff4a830000 - 0x00007fff4a839000 	C:\WINDOWS\SYSTEM32\WSOCK32.dll
0x00007fff52840000 - 0x00007fff528af000 	C:\WINDOWS\System32\ws2_32.DLL
0x00007fff4c200000 - 0x00007fff4c22d000 	C:\WINDOWS\SYSTEM32\WINMMBASE.dll
0x00007fff50c40000 - 0x00007fff50c8a000 	C:\WINDOWS\System32\cfgmgr32.dll
0x00007fff4a820000 - 0x00007fff4a82f000 	E:\Android\jre\jre\bin\verify.dll
0x00007fff2c3b0000 - 0x00007fff2c3d9000 	E:\Android\jre\jre\bin\java.dll
0x00007fff496d0000 - 0x00007fff496e6000 	E:\Android\jre\jre\bin\zip.dll
0x00007fff515c0000 - 0x00007fff51ca7000 	C:\WINDOWS\System32\SHELL32.dll
0x00007fff52790000 - 0x00007fff52839000 	C:\WINDOWS\System32\shcore.dll
0x00007fff50060000 - 0x00007fff507e0000 	C:\WINDOWS\System32\windows.storage.dll
0x00007fff4ff90000 - 0x00007fff4ffb3000 	C:\WINDOWS\System32\profapi.dll
0x00007fff4ffc0000 - 0x00007fff5000a000 	C:\WINDOWS\System32\powrprof.dll
0x00007fff4ff60000 - 0x00007fff4ff70000 	C:\WINDOWS\System32\UMPDC.dll
0x00007fff52710000 - 0x00007fff52762000 	C:\WINDOWS\System32\shlwapi.dll
0x00007fff50010000 - 0x00007fff50021000 	C:\WINDOWS\System32\kernel.appcore.dll
0x00007fff50c20000 - 0x00007fff50c37000 	C:\WINDOWS\System32\cryptsp.dll
0x00007fff40760000 - 0x00007fff4077a000 	E:\Android\jre\jre\bin\net.dll
0x00007fff4f7b0000 - 0x00007fff4f817000 	C:\WINDOWS\system32\mswsock.dll
0x00007fff40740000 - 0x00007fff40753000 	E:\Android\jre\jre\bin\nio.dll
0x00007fff16660000 - 0x00007fff16686000 	C:\Users\Jeevan.DESKTOP-JPTEO2O.000\.gradle\native\31\windows-amd64\native-platform.dll
0x00007fff4a3b0000 - 0x00007fff4a3bd000 	E:\Android\jre\jre\bin\management.dll
0x00007fff4f320000 - 0x00007fff4f353000 	C:\WINDOWS\system32\rsaenh.dll
0x00007fff50030000 - 0x00007fff50056000 	C:\WINDOWS\System32\bcrypt.dll
0x00007fff4fe80000 - 0x00007fff4fea5000 	C:\WINDOWS\SYSTEM32\USERENV.dll
0x00007fff4f980000 - 0x00007fff4f98c000 	C:\WINDOWS\SYSTEM32\CRYPTBASE.dll
0x00007fff4f4c0000 - 0x00007fff4f4fa000 	C:\WINDOWS\SYSTEM32\IPHLPAPI.DLL
0x00007fff51d10000 - 0x00007fff51d18000 	C:\WINDOWS\System32\NSI.dll
0x00007fff45d70000 - 0x00007fff45d86000 	C:\WINDOWS\SYSTEM32\dhcpcsvc6.DLL
0x00007fff45d50000 - 0x00007fff45d6c000 	C:\WINDOWS\SYSTEM32\dhcpcsvc.DLL
0x00007fff4f500000 - 0x00007fff4f5cb000 	C:\WINDOWS\SYSTEM32\DNSAPI.dll

VM Arguments:
jvm_args: -Xmx2048m -Dfile.encoding=windows-1252 -Duser.country=US -Duser.language=en -Duser.variant 
java_command: org.gradle.launcher.daemon.bootstrap.GradleDaemon 6.1.1
java_class_path (initial): C:\Users\Jeevan.DESKTOP-JPTEO2O.000\.gradle\wrapper\dists\gradle-6.1.1-all\cfmwm155h49vnt3hynmlrsdst\gradle-6.1.1\lib\gradle-launcher-6.1.1.jar
Launcher Type: SUN_STANDARD

Environment Variables:
PATH=E:\download\Scripts\;E:\download\;C:\Users\Jeevan.DESKTOP-JPTEO2O.000\AppData\Local\Programs\Python\Python38\Scripts\;C:\Users\Jeevan.DESKTOP-JPTEO2O.000\AppData\Local\Programs\Python\Python38\;C:\Python38\Scripts\;C:\Python38\;C:\Users\Jeevan.DESKTOP-JPTEO2O.000\Desktop\java\jdk-11.0.5\bin;C:\WINDOWS\system32;C:\WINDOWS;C:\WINDOWS\System32\Wbem;C:\WINDOWS\System32\WindowsPowerShell\v1.0\;C:\WINDOWS\System32\OpenSSH\;C:\Program Files (x86)\GtkSharp\2.12\bin;D:\Git\cmd;C:\ProgramData\chocolatey\bin;C:\Program Files\nodejs\;E:\Users\Jeevan\mongodb\bin;C:\Program Files\dotnet\;C:\Program Files\NVIDIA Corporation\NVIDIA NvDLISR;C:\Program Files (x86)\NVIDIA Corporation\PhysX\Common;C:\Program Files\Microsoft SQL Server\130\Tools\Binn\;C:\Program Files\Microsoft SQL Server\Client SDK\ODBC\170\Tools\Binn\;E:\Ruby26-x64\bin;E:\Program Files\Ruby26-x64\bin;C:\Users\Jeevan.DESKTOP-JPTEO2O.000\AppData\Local\Microsoft\WindowsApps;C:\PHP;C:\Users\Jeevan.DESKTOP-JPTEO2O.000\AppData\Local\Microsoft\WindowsApps;C:\Users\Jeevan.DESKTOP-JPTEO2O.000\Desktop\mysql\mysql-connector-java-8.0.19;C:\Users\Jeevan.DESKTOP-JPTEO2O.000\AppData\Local\Programs\Microsoft VS Code\bin;C:\Users\Jeevan.DESKTOP-JPTEO2O.000\AppData\Roaming\npm;C:\Program Files\heroku\bin;C:\Users\Jeevan.DESKTOP-JPTEO2O.000\.deno\bin;C:\Users\Jeevan.DESKTOP-JPTEO2O.000\Desktop\SQLite;C:\Users\Jeevan.DESKTOP-JPTEO2O.000\AppData\Roaming\Microsoft\Windows\Start Menu\Programs\Anaconda3 (64-bit);C:\Program Files\apache-maven-3.6.3\bin;C:\Users\Jeevan.DESKTOP-JPTEO2O.000\.npm-global;C:\Users\Jeevan.DESKTOP-JPTEO2O.000\.npm-global\netlify;C:\Windows\Microsoft.NET\Framework\v4.0.30319;C:\Users\Jeevan.DESKTOP-JPTEO2O.000\.dotnet\tools;C:\Users\Jeevan.DESKTOP-JPTEO2O.000\AppData\Local\Android\Sdk\platform-tools\adb;
USERNAME=Jeevan
OS=Windows_NT
PROCESSOR_IDENTIFIER=Intel64 Family 6 Model 142 Stepping 10, GenuineIntel



---------------  S Y S T E M  ---------------

OS: Windows 10.0 , 64 bit Build 18362 (10.0.18362.1082)

CPU:total 8 (initial active 8) (4 cores per cpu, 2 threads per core) family 6 model 142 stepping 10, cmov, cx8, fxsr, mmx, sse, sse2, sse3, ssse3, sse4.1, sse4.2, popcnt, avx, avx2, aes, clmul, erms, 3dnowpref, lzcnt, ht, tsc, tscinvbit, bmi1, bmi2, adx

Memory: 4k page, physical 8270220k(82060k free), swap 18825612k(5824k free)

vm_info: OpenJDK 64-Bit Server VM (25.242-b01) for windows-amd64 JRE (1.8.0_242-release-1644-b01), built by "builder" with MS VC++ 10.0 (VS2010)

time: Thu Sep 17 17:09:30 2020
timezone: Nepal Standard Time
elapsed time: 43 seconds (0d 0h 0m 43s)

